find_executable: checking for pg_config... -------------------- no

--------------------

find_header: checking for libpq-fe.h... -------------------- no

"gcc -o conftest.exe -IC:/Ruby21/include/ruby-2.1.0/i386-mingw32 -IC:/Ruby21/include/ruby-2.1.0/ruby/backward -IC:/Ruby21/include/ruby-2.1.0 -I. -DFD_SETSIZE=2048 -D_WIN32_WINNT=0x0501 -D__MINGW_USE_VC2005_COMPAT -D_FILE_OFFSET_BITS=64   -O3 -fno-omit-frame-pointer -fno-fast-math -g -Wall -Wextra -Wno-unused-parameter -Wno-parentheses -Wno-long-long -Wno-missing-field-initializers -Wunused-variable -Wpointer-arith -Wwrite-strings -Wdeclaration-after-statement -Wimplicit-function-declaration conftest.c  -L. -LC:/Ruby21/lib -L.      -lmsvcrt-ruby210  -lshell32 -lws2_32 -liphlpapi -limagehlp -lshlwapi  "
checked program was:
/* begin */
1: #include "ruby.h"
2: 
3: #include <winsock2.h>
4: #include <windows.h>
5: int main(int argc, char **argv)
6: {
7:   return 0;
8: }
/* end */

"gcc -E -IC:/Ruby21/include/ruby-2.1.0/i386-mingw32 -IC:/Ruby21/include/ruby-2.1.0/ruby/backward -IC:/Ruby21/include/ruby-2.1.0 -I. -DFD_SETSIZE=2048 -D_WIN32_WINNT=0x0501 -D__MINGW_USE_VC2005_COMPAT -D_FILE_OFFSET_BITS=64   -O3 -fno-omit-frame-pointer -fno-fast-math -g -Wall -Wextra -Wno-unused-parameter -Wno-parentheses -Wno-long-long -Wno-missing-field-initializers -Wunused-variable -Wpointer-arith -Wwrite-strings -Wdeclaration-after-statement -Wimplicit-function-declaration  conftest.c -o conftest.i"
conftest.c:5:22: fatal error: libpq-fe.h: No such file or directory
compilation terminated.
checked program was:
/* begin */
1: #include "ruby.h"
2: 
3: #include <winsock2.h>
4: #include <windows.h>
5: #include <libpq-fe.h>
/* end */

--------------------

